INFO:root:This is an info message
WARNING:root:This is a warning message
ERROR:root:This is an error message
CRITICAL:root:This is a critical message
INFO:werkzeug:[31m[1mWARNING: This is a development server. Do not use it in a production deployment. Use a production WSGI server instead.[0m
 * Running on http://127.0.0.1:5000
INFO:werkzeug:[33mPress CTRL+C to quit[0m
INFO:werkzeug: * Restarting with stat
INFO:root:This is an info message
WARNING:root:This is a warning message
ERROR:root:This is an error message
CRITICAL:root:This is a critical message
WARNING:werkzeug: * Debugger is active!
INFO:werkzeug: * Debugger PIN: 420-503-020
INFO:werkzeug: * Detected change in 'c:\\Users\\anike\\OneDrive\\Desktop\\new run\\SunHacks\\diehk.py', reloading
INFO:werkzeug: * Restarting with stat
INFO:root:This is an info message
WARNING:root:This is a warning message
ERROR:root:This is an error message
CRITICAL:root:This is a critical message
WARNING:werkzeug: * Debugger is active!
INFO:werkzeug: * Debugger PIN: 420-503-020
